This file contains any messages produced by compilers while
running configure, to aid debugging if configure makes a mistake.

It was created by pkdgrav2 configure 2.2.10, which was
generated by GNU Autoconf 2.61.  Invocation command line was

  $ ./configure 

## --------- ##
## Platform. ##
## --------- ##

hostname = dhcp-154-226.physik.uzh.ch
uname -m = i386
uname -r = 10.6.0
uname -s = Darwin
uname -v = Darwin Kernel Version 10.6.0: Wed Nov 10 18:13:17 PST 2010; root:xnu-1504.9.26~3/RELEASE_I386

/usr/bin/uname -p = i386
/bin/uname -X     = unknown

/bin/arch              = unknown
/usr/bin/arch -k       = unknown
/usr/convex/getsysinfo = unknown
/usr/bin/hostinfo      = Mach kernel version:
	 Darwin Kernel Version 10.6.0: Wed Nov 10 18:13:17 PST 2010; root:xnu-1504.9.26~3/RELEASE_I386
Kernel configured for up to 4 processors.
2 processors are physically available.
4 processors are logically available.
Processor type: i486 (Intel 80486)
Processors active: 0 1 2 3
Primary memory available: 4.00 gigabytes
Default processor set: 165 tasks, 599 threads, 4 processors
Load average: 0.78, Mach factor: 3.20
/bin/machine           = unknown
/usr/bin/oslevel       = unknown
/bin/universe          = unknown

PATH: /Applications/rsi/idl/bin
PATH: /usr/local/git/bin/
PATH: /qgd/condor/bin
PATH: /Users/jonathan/src/tipsy-tools
PATH: /Users/jonathan/src/tipsy-2.2.2/code
PATH: /Users/jonathan/src/smooth
PATH: /Users/jonathan/bin/
PATH: /usr/texbin/
PATH: /usr/local/bin/
PATH: /usr/local/cuda/bin
PATH: /Library/Frameworks/Python.framework/Versions/2.6/bin
PATH: /Library/Frameworks/Python.framework/Versions/Current/bin
PATH: /opt/local/bin
PATH: /opt/local/sbin
PATH: /Library/Frameworks/Python.framework/Versions/Current/bin
PATH: /usr/bin
PATH: /bin
PATH: /usr/sbin
PATH: /sbin
PATH: /usr/local/bin
PATH: /usr/local/git/bin
PATH: /usr/X11/bin
PATH: /usr/X11/bin
PATH: /opt/local/bin


## ----------- ##
## Core tests. ##
## ----------- ##

configure:1881: checking for a BSD-compatible install
configure:1937: result: /usr/bin/install -c
configure:1948: checking whether build environment is sane
configure:1991: result: yes
configure:2019: checking for a thread-safe mkdir -p
configure:2058: result: ./install-sh -c -d
configure:2071: checking for gawk
configure:2087: found /opt/local/bin/gawk
configure:2098: result: gawk
configure:2109: checking whether make sets $(MAKE)
configure:2130: result: yes
configure:2371: checking for gcc
configure:2387: found /usr/bin/gcc
configure:2398: result: gcc
configure:2636: checking for C compiler version
configure:2643: gcc --version >&5
i686-apple-darwin10-gcc-4.2.1 (GCC) 4.2.1 (Apple Inc. build 5664)
Copyright (C) 2007 Free Software Foundation, Inc.
This is free software; see the source for copying conditions.  There is NO
warranty; not even for MERCHANTABILITY or FITNESS FOR A PARTICULAR PURPOSE.

configure:2646: $? = 0
configure:2653: gcc -v >&5
Using built-in specs.
Target: i686-apple-darwin10
Configured with: /var/tmp/gcc/gcc-5664~89/src/configure --disable-checking --enable-werror --prefix=/usr --mandir=/share/man --enable-languages=c,objc,c++,obj-c++ --program-transform-name=/^[cg][^.-]*$/s/$/-4.2/ --with-slibdir=/usr/lib --build=i686-apple-darwin10 --program-prefix=i686-apple-darwin10- --host=x86_64-apple-darwin10 --target=i686-apple-darwin10 --with-gxx-include-dir=/include/c++/4.2.1
Thread model: posix
gcc version 4.2.1 (Apple Inc. build 5664)
configure:2656: $? = 0
configure:2663: gcc -V >&5
gcc-4.2: argument to `-V' is missing
configure:2666: $? = 1
configure:2689: checking for C compiler default output file name
configure:2716: gcc    conftest.c  >&5
configure:2719: $? = 0
configure:2757: result: a.out
configure:2774: checking whether the C compiler works
configure:2784: ./a.out
configure:2787: $? = 0
configure:2804: result: yes
configure:2811: checking whether we are cross compiling
configure:2813: result: no
configure:2816: checking for suffix of executables
configure:2823: gcc -o conftest    conftest.c  >&5
configure:2826: $? = 0
configure:2850: result: 
configure:2856: checking for suffix of object files
configure:2882: gcc -c   conftest.c >&5
configure:2885: $? = 0
configure:2908: result: o
configure:2912: checking whether we are using the GNU C compiler
configure:2941: gcc -c   conftest.c >&5
configure:2947: $? = 0
configure:2964: result: yes
configure:2969: checking whether gcc accepts -g
configure:2999: gcc -c -g  conftest.c >&5
configure:3005: $? = 0
configure:3104: result: yes
configure:3121: checking for gcc option to accept ISO C89
configure:3195: gcc  -c -g -O2  conftest.c >&5
configure:3201: $? = 0
configure:3224: result: none needed
configure:3253: checking for style of include used by make
configure:3281: result: GNU
configure:3306: checking dependency style of gcc
configure:3397: result: gcc3
configure:3412: checking whether make sets $(MAKE)
configure:3433: result: yes
configure:3450: checking for mpicc
configure:3466: found /usr/bin/mpicc
configure:3478: result: mpicc
configure:3841: checking for H5Fopen in -lhdf5
configure:3876: gcc -o conftest -g -O2   conftest.c -lhdf5   >&5
ld: library not found for -lhdf5
collect2: ld returned 1 exit status
configure:3882: $? = 1
configure: failed program was:
| /* confdefs.h.  */
| #define PACKAGE_NAME "pkdgrav2"
| #define PACKAGE_TARNAME "pkdgrav2"
| #define PACKAGE_VERSION "2.2.10"
| #define PACKAGE_STRING "pkdgrav2 2.2.10"
| #define PACKAGE_BUGREPORT "bugs@pkdgrav2.org"
| #define PACKAGE "pkdgrav2"
| #define VERSION "2.2.10"
| #define FC_MAIN main
| #define FLOAT double
| #define FLOAT_MAXVAL HUGE
| #define INSTRUMENT 1
| #define USE_BT 1
| #define LOCAL_EXPANSION 1
| /* end confdefs.h.  */
| 
| /* Override any GCC internal prototype to avoid an error.
|    Use char because int might match the return type of a GCC
|    builtin and then its argument prototype would still apply.  */
| #ifdef __cplusplus
| extern "C"
| #endif
| char H5Fopen ();
| int
| main ()
| {
| return H5Fopen ();
|   ;
|   return 0;
| }
configure:3900: result: no
configure:4380: checking for lustre
configure:4406: gcc -o conftest -g -O2   conftest.c  -llustreapi >&5
ld: library not found for -llustreapi
collect2: ld returned 1 exit status
configure:4412: $? = 1
configure: failed program was:
| /* confdefs.h.  */
| #define PACKAGE_NAME "pkdgrav2"
| #define PACKAGE_TARNAME "pkdgrav2"
| #define PACKAGE_VERSION "2.2.10"
| #define PACKAGE_STRING "pkdgrav2 2.2.10"
| #define PACKAGE_BUGREPORT "bugs@pkdgrav2.org"
| #define PACKAGE "pkdgrav2"
| #define VERSION "2.2.10"
| #define FC_MAIN main
| #define FLOAT double
| #define FLOAT_MAXVAL HUGE
| #define INSTRUMENT 1
| #define USE_BT 1
| #define LOCAL_EXPANSION 1
| /* end confdefs.h.  */
| 
| int
| main ()
| {
| llapi_file_create()
|   ;
|   return 0;
| }
configure:4433: result: no
configure:4729: checking for pthread_create in -lpthread
configure:4764: gcc -o conftest -g -O2   conftest.c -lpthread   >&5
configure:4770: $? = 0
configure:4788: result: yes
configure:4802: checking how to run the C preprocessor
configure:4842: gcc -E  conftest.c
configure:4848: $? = 0
configure:4879: gcc -E  conftest.c
conftest.c:18:28: error: ac_nonexistent.h: No such file or directory
configure:4885: $? = 1
configure: failed program was:
| /* confdefs.h.  */
| #define PACKAGE_NAME "pkdgrav2"
| #define PACKAGE_TARNAME "pkdgrav2"
| #define PACKAGE_VERSION "2.2.10"
| #define PACKAGE_STRING "pkdgrav2 2.2.10"
| #define PACKAGE_BUGREPORT "bugs@pkdgrav2.org"
| #define PACKAGE "pkdgrav2"
| #define VERSION "2.2.10"
| #define FC_MAIN main
| #define FLOAT double
| #define FLOAT_MAXVAL HUGE
| #define INSTRUMENT 1
| #define USE_BT 1
| #define LOCAL_EXPANSION 1
| #define MOMFLOAT double
| #define CHANGESOFT 1
| /* end confdefs.h.  */
| #include <ac_nonexistent.h>
configure:4918: result: gcc -E
configure:4947: gcc -E  conftest.c
configure:4953: $? = 0
configure:4984: gcc -E  conftest.c
conftest.c:18:28: error: ac_nonexistent.h: No such file or directory
configure:4990: $? = 1
configure: failed program was:
| /* confdefs.h.  */
| #define PACKAGE_NAME "pkdgrav2"
| #define PACKAGE_TARNAME "pkdgrav2"
| #define PACKAGE_VERSION "2.2.10"
| #define PACKAGE_STRING "pkdgrav2 2.2.10"
| #define PACKAGE_BUGREPORT "bugs@pkdgrav2.org"
| #define PACKAGE "pkdgrav2"
| #define VERSION "2.2.10"
| #define FC_MAIN main
| #define FLOAT double
| #define FLOAT_MAXVAL HUGE
| #define INSTRUMENT 1
| #define USE_BT 1
| #define LOCAL_EXPANSION 1
| #define MOMFLOAT double
| #define CHANGESOFT 1
| /* end confdefs.h.  */
| #include <ac_nonexistent.h>
configure:5028: checking for grep that handles long lines and -e
configure:5102: result: /usr/bin/grep
configure:5107: checking for egrep
configure:5185: result: /usr/bin/grep -E
configure:5190: checking for ANSI C header files
configure:5220: gcc -c -g -O2  conftest.c >&5
configure:5226: $? = 0
configure:5325: gcc -o conftest -g -O2   conftest.c  >&5
configure:5328: $? = 0
configure:5334: ./conftest
configure:5337: $? = 0
configure:5354: result: yes
configure:5378: checking for sys/types.h
configure:5399: gcc -c -g -O2  conftest.c >&5
configure:5405: $? = 0
configure:5421: result: yes
configure:5378: checking for sys/stat.h
configure:5399: gcc -c -g -O2  conftest.c >&5
configure:5405: $? = 0
configure:5421: result: yes
configure:5378: checking for stdlib.h
configure:5399: gcc -c -g -O2  conftest.c >&5
configure:5405: $? = 0
configure:5421: result: yes
configure:5378: checking for string.h
configure:5399: gcc -c -g -O2  conftest.c >&5
configure:5405: $? = 0
configure:5421: result: yes
configure:5378: checking for memory.h
configure:5399: gcc -c -g -O2  conftest.c >&5
configure:5405: $? = 0
configure:5421: result: yes
configure:5378: checking for strings.h
configure:5399: gcc -c -g -O2  conftest.c >&5
configure:5405: $? = 0
configure:5421: result: yes
configure:5378: checking for inttypes.h
configure:5399: gcc -c -g -O2  conftest.c >&5
configure:5405: $? = 0
configure:5421: result: yes
configure:5378: checking for stdint.h
configure:5399: gcc -c -g -O2  conftest.c >&5
configure:5405: $? = 0
configure:5421: result: yes
configure:5378: checking for unistd.h
configure:5399: gcc -c -g -O2  conftest.c >&5
configure:5405: $? = 0
configure:5421: result: yes
configure:5443: checking pthread.h usability
configure:5460: gcc -c -g -O2  conftest.c >&5
configure:5466: $? = 0
configure:5480: result: yes
configure:5484: checking pthread.h presence
configure:5499: gcc -E  conftest.c
configure:5505: $? = 0
configure:5519: result: yes
configure:5552: checking for pthread.h
configure:5559: result: yes
configure:5598: checking for fabs in -lm
configure:5633: gcc -o conftest -g -O2   conftest.c -lm   >&5
conftest.c:35: warning: conflicting types for built-in function 'fabs'
configure:5639: $? = 0
configure:5657: result: yes
configure:5676: checking for posix_memalign
configure:5732: gcc -o conftest -g -O2   conftest.c -lm  >&5
configure:5738: $? = 0
configure:5756: result: yes
configure:5767: checking if the compiler accepts -march=native
configure:5791: gcc -c -march=native  conftest.c >&5
conftest.c:1: error: bad value (native) for -march= switch
conftest.c:1: error: bad value (native) for -mtune= switch
configure:5797: $? = 1
configure: failed program was:
| /* confdefs.h.  */
| #define PACKAGE_NAME "pkdgrav2"
| #define PACKAGE_TARNAME "pkdgrav2"
| #define PACKAGE_VERSION "2.2.10"
| #define PACKAGE_STRING "pkdgrav2 2.2.10"
| #define PACKAGE_BUGREPORT "bugs@pkdgrav2.org"
| #define PACKAGE "pkdgrav2"
| #define VERSION "2.2.10"
| #define FC_MAIN main
| #define FLOAT double
| #define FLOAT_MAXVAL HUGE
| #define INSTRUMENT 1
| #define USE_BT 1
| #define LOCAL_EXPANSION 1
| #define MOMFLOAT double
| #define CHANGESOFT 1
| #define STDC_HEADERS 1
| #define HAVE_SYS_TYPES_H 1
| #define HAVE_SYS_STAT_H 1
| #define HAVE_STDLIB_H 1
| #define HAVE_STRING_H 1
| #define HAVE_MEMORY_H 1
| #define HAVE_STRINGS_H 1
| #define HAVE_INTTYPES_H 1
| #define HAVE_STDINT_H 1
| #define HAVE_UNISTD_H 1
| #define HAVE_LIBM 1
| #define HAVE_POSIX_MEMALIGN 1
| /* end confdefs.h.  */
| 
| int
| main ()
| {
| 
|   ;
|   return 0;
| }
configure:5808: result: no
configure:5815: checking if the compiler accepts -msse3
configure:5839: gcc -c -msse3  conftest.c >&5
configure:5845: $? = 0
configure:5850: result: yes
configure:6060: checking for SSE2/3 support
configure:6094: gcc -c -msse3  conftest.c >&5
configure:6100: $? = 0
configure:6105: result: yes
configure:6263: checking for BZ2_bzWriteOpen in -lbz2
configure:6298: gcc -o conftest -g -O2   conftest.c -lbz2  -lm  >&5
configure:6304: $? = 0
configure:6322: result: yes
configure:6337: checking for working alloca.h
configure:6364: gcc -o conftest -g -O2   conftest.c -lbz2 -lm  >&5
configure:6370: $? = 0
configure:6387: result: yes
configure:6397: checking for alloca
configure:6444: gcc -o conftest -g -O2   conftest.c -lbz2 -lm  >&5
configure:6450: $? = 0
configure:6467: result: yes
configure:6694: checking for _LARGEFILE_SOURCE value needed for large files
configure:6721: gcc -o conftest -g -O2   conftest.c -lbz2 -lm  >&5
configure:6727: $? = 0
configure:6791: result: no
configure:6819: checking for stdlib.h
configure:6825: result: yes
configure:6959: checking for GNU libc compatible malloc
configure:6993: gcc -o conftest -g -O2   conftest.c -lbz2 -lm  >&5
configure:6996: $? = 0
configure:7002: ./conftest
configure:7005: $? = 0
configure:7021: result: yes
configure:7054: checking for stdlib.h
configure:7060: result: yes
configure:7194: checking for GNU libc compatible realloc
configure:7228: gcc -o conftest -g -O2   conftest.c -lbz2 -lm  >&5
configure:7231: $? = 0
configure:7237: ./conftest
configure:7240: $? = 0
configure:7256: result: yes
configure:7284: checking whether lstat dereferences a symlink specified with a trailing slash
configure:7320: gcc -o conftest -g -O2   conftest.c -lbz2 -lm  >&5
configure:7323: $? = 0
configure:7329: ./conftest
configure:7332: $? = 1
configure: program exited with status 1
configure: failed program was:
| /* confdefs.h.  */
| #define PACKAGE_NAME "pkdgrav2"
| #define PACKAGE_TARNAME "pkdgrav2"
| #define PACKAGE_VERSION "2.2.10"
| #define PACKAGE_STRING "pkdgrav2 2.2.10"
| #define PACKAGE_BUGREPORT "bugs@pkdgrav2.org"
| #define PACKAGE "pkdgrav2"
| #define VERSION "2.2.10"
| #define FC_MAIN main
| #define FLOAT double
| #define FLOAT_MAXVAL HUGE
| #define INSTRUMENT 1
| #define USE_BT 1
| #define LOCAL_EXPANSION 1
| #define MOMFLOAT double
| #define CHANGESOFT 1
| #define STDC_HEADERS 1
| #define HAVE_SYS_TYPES_H 1
| #define HAVE_SYS_STAT_H 1
| #define HAVE_STDLIB_H 1
| #define HAVE_STRING_H 1
| #define HAVE_MEMORY_H 1
| #define HAVE_STRINGS_H 1
| #define HAVE_INTTYPES_H 1
| #define HAVE_STDINT_H 1
| #define HAVE_UNISTD_H 1
| #define HAVE_LIBM 1
| #define HAVE_POSIX_MEMALIGN 1
| #define USE_SIMD 1
| #define USE_SIMD_PP 1
| #define USE_SIMD_PC 1
| #define HAVE_POSIX_MEMALIGN 1
| #define _GNU_SOURCE 1
| #define HAVE_LIBBZ2 1
| #define HAVE_ALLOCA_H 1
| #define HAVE_ALLOCA 1
| #define HAVE_FSEEKO 1
| #define HAVE_STDLIB_H 1
| #define HAVE_MALLOC 1
| #define HAVE_STDLIB_H 1
| #define HAVE_REALLOC 1
| /* end confdefs.h.  */
| #include <stdio.h>
| #ifdef HAVE_SYS_TYPES_H
| # include <sys/types.h>
| #endif
| #ifdef HAVE_SYS_STAT_H
| # include <sys/stat.h>
| #endif
| #ifdef STDC_HEADERS
| # include <stdlib.h>
| # include <stddef.h>
| #else
| # ifdef HAVE_STDLIB_H
| #  include <stdlib.h>
| # endif
| #endif
| #ifdef HAVE_STRING_H
| # if !defined STDC_HEADERS && defined HAVE_MEMORY_H
| #  include <memory.h>
| # endif
| # include <string.h>
| #endif
| #ifdef HAVE_STRINGS_H
| # include <strings.h>
| #endif
| #ifdef HAVE_INTTYPES_H
| # include <inttypes.h>
| #endif
| #ifdef HAVE_STDINT_H
| # include <stdint.h>
| #endif
| #ifdef HAVE_UNISTD_H
| # include <unistd.h>
| #endif
| int
| main ()
| {
| struct stat sbuf;
|      /* Linux will dereference the symlink and fail.
| 	That is better in the sense that it means we will not
| 	have to compile and use the lstat wrapper.  */
|      return lstat ("conftest.sym/", &sbuf) == 0;
|   ;
|   return 0;
| }
configure:7355: result: no
configure:7374: checking whether stat accepts an empty string
configure:7404: gcc -o conftest -g -O2   conftest.c -lbz2 -lm  >&5
configure:7407: $? = 0
configure:7413: ./conftest
configure:7416: $? = 0
configure:7432: result: no
configure:7452: checking for vprintf
configure:7508: gcc -o conftest -g -O2   conftest.c -lbz2 -lm  >&5
conftest.c:66: warning: conflicting types for built-in function 'vprintf'
configure:7514: $? = 0
configure:7532: result: yes
configure:7539: checking for _doprnt
configure:7595: gcc -o conftest -g -O2   conftest.c -lbz2 -lm  >&5
Undefined symbols:
  "__doprnt", referenced from:
      _main in ccdcGQKy.o
ld: symbol(s) not found
collect2: ld returned 1 exit status
configure:7601: $? = 1
configure: failed program was:
| /* confdefs.h.  */
| #define PACKAGE_NAME "pkdgrav2"
| #define PACKAGE_TARNAME "pkdgrav2"
| #define PACKAGE_VERSION "2.2.10"
| #define PACKAGE_STRING "pkdgrav2 2.2.10"
| #define PACKAGE_BUGREPORT "bugs@pkdgrav2.org"
| #define PACKAGE "pkdgrav2"
| #define VERSION "2.2.10"
| #define FC_MAIN main
| #define FLOAT double
| #define FLOAT_MAXVAL HUGE
| #define INSTRUMENT 1
| #define USE_BT 1
| #define LOCAL_EXPANSION 1
| #define MOMFLOAT double
| #define CHANGESOFT 1
| #define STDC_HEADERS 1
| #define HAVE_SYS_TYPES_H 1
| #define HAVE_SYS_STAT_H 1
| #define HAVE_STDLIB_H 1
| #define HAVE_STRING_H 1
| #define HAVE_MEMORY_H 1
| #define HAVE_STRINGS_H 1
| #define HAVE_INTTYPES_H 1
| #define HAVE_STDINT_H 1
| #define HAVE_UNISTD_H 1
| #define HAVE_LIBM 1
| #define HAVE_POSIX_MEMALIGN 1
| #define USE_SIMD 1
| #define USE_SIMD_PP 1
| #define USE_SIMD_PC 1
| #define HAVE_POSIX_MEMALIGN 1
| #define _GNU_SOURCE 1
| #define HAVE_LIBBZ2 1
| #define HAVE_ALLOCA_H 1
| #define HAVE_ALLOCA 1
| #define HAVE_FSEEKO 1
| #define HAVE_STDLIB_H 1
| #define HAVE_MALLOC 1
| #define HAVE_STDLIB_H 1
| #define HAVE_REALLOC 1
| #define HAVE_VPRINTF 1
| /* end confdefs.h.  */
| /* Define _doprnt to an innocuous variant, in case <limits.h> declares _doprnt.
|    For example, HP-UX 11i <limits.h> declares gettimeofday.  */
| #define _doprnt innocuous__doprnt
| 
| /* System header to define __stub macros and hopefully few prototypes,
|     which can conflict with char _doprnt (); below.
|     Prefer <limits.h> to <assert.h> if __STDC__ is defined, since
|     <limits.h> exists even on freestanding compilers.  */
| 
| #ifdef __STDC__
| # include <limits.h>
| #else
| # include <assert.h>
| #endif
| 
| #undef _doprnt
| 
| /* Override any GCC internal prototype to avoid an error.
|    Use char because int might match the return type of a GCC
|    builtin and then its argument prototype would still apply.  */
| #ifdef __cplusplus
| extern "C"
| #endif
| char _doprnt ();
| /* The GNU C library defines this for functions which it implements
|     to always fail with ENOSYS.  Some functions are actually named
|     something starting with __ and the normal name is an alias.  */
| #if defined __stub__doprnt || defined __stub____doprnt
| choke me
| #endif
| 
| int
| main ()
| {
| return _doprnt ();
|   ;
|   return 0;
| }
configure:7618: result: no
configure:7632: checking for ANSI C header files
configure:7796: result: yes
configure:7831: checking fcntl.h usability
configure:7848: gcc -c -g -O2  conftest.c >&5
configure:7854: $? = 0
configure:7868: result: yes
configure:7872: checking fcntl.h presence
configure:7887: gcc -E  conftest.c
configure:7893: $? = 0
configure:7907: result: yes
configure:7940: checking for fcntl.h
configure:7948: result: yes
configure:7831: checking limits.h usability
configure:7848: gcc -c -g -O2  conftest.c >&5
configure:7854: $? = 0
configure:7868: result: yes
configure:7872: checking limits.h presence
configure:7887: gcc -E  conftest.c
configure:7893: $? = 0
configure:7907: result: yes
configure:7940: checking for limits.h
configure:7948: result: yes
configure:7831: checking malloc.h usability
configure:7848: gcc -c -g -O2  conftest.c >&5
conftest.c:80:20: error: malloc.h: No such file or directory
configure:7854: $? = 1
configure: failed program was:
| /* confdefs.h.  */
| #define PACKAGE_NAME "pkdgrav2"
| #define PACKAGE_TARNAME "pkdgrav2"
| #define PACKAGE_VERSION "2.2.10"
| #define PACKAGE_STRING "pkdgrav2 2.2.10"
| #define PACKAGE_BUGREPORT "bugs@pkdgrav2.org"
| #define PACKAGE "pkdgrav2"
| #define VERSION "2.2.10"
| #define FC_MAIN main
| #define FLOAT double
| #define FLOAT_MAXVAL HUGE
| #define INSTRUMENT 1
| #define USE_BT 1
| #define LOCAL_EXPANSION 1
| #define MOMFLOAT double
| #define CHANGESOFT 1
| #define STDC_HEADERS 1
| #define HAVE_SYS_TYPES_H 1
| #define HAVE_SYS_STAT_H 1
| #define HAVE_STDLIB_H 1
| #define HAVE_STRING_H 1
| #define HAVE_MEMORY_H 1
| #define HAVE_STRINGS_H 1
| #define HAVE_INTTYPES_H 1
| #define HAVE_STDINT_H 1
| #define HAVE_UNISTD_H 1
| #define HAVE_LIBM 1
| #define HAVE_POSIX_MEMALIGN 1
| #define USE_SIMD 1
| #define USE_SIMD_PP 1
| #define USE_SIMD_PC 1
| #define HAVE_POSIX_MEMALIGN 1
| #define _GNU_SOURCE 1
| #define HAVE_LIBBZ2 1
| #define HAVE_ALLOCA_H 1
| #define HAVE_ALLOCA 1
| #define HAVE_FSEEKO 1
| #define HAVE_STDLIB_H 1
| #define HAVE_MALLOC 1
| #define HAVE_STDLIB_H 1
| #define HAVE_REALLOC 1
| #define HAVE_VPRINTF 1
| #define STDC_HEADERS 1
| #define HAVE_FCNTL_H 1
| #define HAVE_LIMITS_H 1
| /* end confdefs.h.  */
| #include <stdio.h>
| #ifdef HAVE_SYS_TYPES_H
| # include <sys/types.h>
| #endif
| #ifdef HAVE_SYS_STAT_H
| # include <sys/stat.h>
| #endif
| #ifdef STDC_HEADERS
| # include <stdlib.h>
| # include <stddef.h>
| #else
| # ifdef HAVE_STDLIB_H
| #  include <stdlib.h>
| # endif
| #endif
| #ifdef HAVE_STRING_H
| # if !defined STDC_HEADERS && defined HAVE_MEMORY_H
| #  include <memory.h>
| # endif
| # include <string.h>
| #endif
| #ifdef HAVE_STRINGS_H
| # include <strings.h>
| #endif
| #ifdef HAVE_INTTYPES_H
| # include <inttypes.h>
| #endif
| #ifdef HAVE_STDINT_H
| # include <stdint.h>
| #endif
| #ifdef HAVE_UNISTD_H
| # include <unistd.h>
| #endif
| #include <malloc.h>
configure:7868: result: no
configure:7872: checking malloc.h presence
configure:7887: gcc -E  conftest.c
conftest.c:47:20: error: malloc.h: No such file or directory
configure:7893: $? = 1
configure: failed program was:
| /* confdefs.h.  */
| #define PACKAGE_NAME "pkdgrav2"
| #define PACKAGE_TARNAME "pkdgrav2"
| #define PACKAGE_VERSION "2.2.10"
| #define PACKAGE_STRING "pkdgrav2 2.2.10"
| #define PACKAGE_BUGREPORT "bugs@pkdgrav2.org"
| #define PACKAGE "pkdgrav2"
| #define VERSION "2.2.10"
| #define FC_MAIN main
| #define FLOAT double
| #define FLOAT_MAXVAL HUGE
| #define INSTRUMENT 1
| #define USE_BT 1
| #define LOCAL_EXPANSION 1
| #define MOMFLOAT double
| #define CHANGESOFT 1
| #define STDC_HEADERS 1
| #define HAVE_SYS_TYPES_H 1
| #define HAVE_SYS_STAT_H 1
| #define HAVE_STDLIB_H 1
| #define HAVE_STRING_H 1
| #define HAVE_MEMORY_H 1
| #define HAVE_STRINGS_H 1
| #define HAVE_INTTYPES_H 1
| #define HAVE_STDINT_H 1
| #define HAVE_UNISTD_H 1
| #define HAVE_LIBM 1
| #define HAVE_POSIX_MEMALIGN 1
| #define USE_SIMD 1
| #define USE_SIMD_PP 1
| #define USE_SIMD_PC 1
| #define HAVE_POSIX_MEMALIGN 1
| #define _GNU_SOURCE 1
| #define HAVE_LIBBZ2 1
| #define HAVE_ALLOCA_H 1
| #define HAVE_ALLOCA 1
| #define HAVE_FSEEKO 1
| #define HAVE_STDLIB_H 1
| #define HAVE_MALLOC 1
| #define HAVE_STDLIB_H 1
| #define HAVE_REALLOC 1
| #define HAVE_VPRINTF 1
| #define STDC_HEADERS 1
| #define HAVE_FCNTL_H 1
| #define HAVE_LIMITS_H 1
| /* end confdefs.h.  */
| #include <malloc.h>
configure:7907: result: no
configure:7940: checking for malloc.h
configure:7948: result: no
configure:7831: checking stddef.h usability
configure:7848: gcc -c -g -O2  conftest.c >&5
configure:7854: $? = 0
configure:7868: result: yes
configure:7872: checking stddef.h presence
configure:7887: gcc -E  conftest.c
configure:7893: $? = 0
configure:7907: result: yes
configure:7940: checking for stddef.h
configure:7948: result: yes
configure:7821: checking for stdlib.h
configure:7827: result: yes
configure:7821: checking for string.h
configure:7827: result: yes
configure:7831: checking sys/param.h usability
configure:7848: gcc -c -g -O2  conftest.c >&5
configure:7854: $? = 0
configure:7868: result: yes
configure:7872: checking sys/param.h presence
configure:7887: gcc -E  conftest.c
configure:7893: $? = 0
configure:7907: result: yes
configure:7940: checking for sys/param.h
configure:7948: result: yes
configure:7831: checking sys/time.h usability
configure:7848: gcc -c -g -O2  conftest.c >&5
configure:7854: $? = 0
configure:7868: result: yes
configure:7872: checking sys/time.h presence
configure:7887: gcc -E  conftest.c
configure:7893: $? = 0
configure:7907: result: yes
configure:7940: checking for sys/time.h
configure:7948: result: yes
configure:7821: checking for unistd.h
configure:7827: result: yes
configure:7831: checking ansidecl.h usability
configure:7848: gcc -c -g -O2  conftest.c >&5
conftest.c:86:22: error: ansidecl.h: No such file or directory
configure:7854: $? = 1
configure: failed program was:
| /* confdefs.h.  */
| #define PACKAGE_NAME "pkdgrav2"
| #define PACKAGE_TARNAME "pkdgrav2"
| #define PACKAGE_VERSION "2.2.10"
| #define PACKAGE_STRING "pkdgrav2 2.2.10"
| #define PACKAGE_BUGREPORT "bugs@pkdgrav2.org"
| #define PACKAGE "pkdgrav2"
| #define VERSION "2.2.10"
| #define FC_MAIN main
| #define FLOAT double
| #define FLOAT_MAXVAL HUGE
| #define INSTRUMENT 1
| #define USE_BT 1
| #define LOCAL_EXPANSION 1
| #define MOMFLOAT double
| #define CHANGESOFT 1
| #define STDC_HEADERS 1
| #define HAVE_SYS_TYPES_H 1
| #define HAVE_SYS_STAT_H 1
| #define HAVE_STDLIB_H 1
| #define HAVE_STRING_H 1
| #define HAVE_MEMORY_H 1
| #define HAVE_STRINGS_H 1
| #define HAVE_INTTYPES_H 1
| #define HAVE_STDINT_H 1
| #define HAVE_UNISTD_H 1
| #define HAVE_LIBM 1
| #define HAVE_POSIX_MEMALIGN 1
| #define USE_SIMD 1
| #define USE_SIMD_PP 1
| #define USE_SIMD_PC 1
| #define HAVE_POSIX_MEMALIGN 1
| #define _GNU_SOURCE 1
| #define HAVE_LIBBZ2 1
| #define HAVE_ALLOCA_H 1
| #define HAVE_ALLOCA 1
| #define HAVE_FSEEKO 1
| #define HAVE_STDLIB_H 1
| #define HAVE_MALLOC 1
| #define HAVE_STDLIB_H 1
| #define HAVE_REALLOC 1
| #define HAVE_VPRINTF 1
| #define STDC_HEADERS 1
| #define HAVE_FCNTL_H 1
| #define HAVE_LIMITS_H 1
| #define HAVE_STDDEF_H 1
| #define HAVE_STDLIB_H 1
| #define HAVE_STRING_H 1
| #define HAVE_SYS_PARAM_H 1
| #define HAVE_SYS_TIME_H 1
| #define HAVE_UNISTD_H 1
| /* end confdefs.h.  */
| #include <stdio.h>
| #ifdef HAVE_SYS_TYPES_H
| # include <sys/types.h>
| #endif
| #ifdef HAVE_SYS_STAT_H
| # include <sys/stat.h>
| #endif
| #ifdef STDC_HEADERS
| # include <stdlib.h>
| # include <stddef.h>
| #else
| # ifdef HAVE_STDLIB_H
| #  include <stdlib.h>
| # endif
| #endif
| #ifdef HAVE_STRING_H
| # if !defined STDC_HEADERS && defined HAVE_MEMORY_H
| #  include <memory.h>
| # endif
| # include <string.h>
| #endif
| #ifdef HAVE_STRINGS_H
| # include <strings.h>
| #endif
| #ifdef HAVE_INTTYPES_H
| # include <inttypes.h>
| #endif
| #ifdef HAVE_STDINT_H
| # include <stdint.h>
| #endif
| #ifdef HAVE_UNISTD_H
| # include <unistd.h>
| #endif
| #include <ansidecl.h>
configure:7868: result: no
configure:7872: checking ansidecl.h presence
configure:7887: gcc -E  conftest.c
conftest.c:53:22: error: ansidecl.h: No such file or directory
configure:7893: $? = 1
configure: failed program was:
| /* confdefs.h.  */
| #define PACKAGE_NAME "pkdgrav2"
| #define PACKAGE_TARNAME "pkdgrav2"
| #define PACKAGE_VERSION "2.2.10"
| #define PACKAGE_STRING "pkdgrav2 2.2.10"
| #define PACKAGE_BUGREPORT "bugs@pkdgrav2.org"
| #define PACKAGE "pkdgrav2"
| #define VERSION "2.2.10"
| #define FC_MAIN main
| #define FLOAT double
| #define FLOAT_MAXVAL HUGE
| #define INSTRUMENT 1
| #define USE_BT 1
| #define LOCAL_EXPANSION 1
| #define MOMFLOAT double
| #define CHANGESOFT 1
| #define STDC_HEADERS 1
| #define HAVE_SYS_TYPES_H 1
| #define HAVE_SYS_STAT_H 1
| #define HAVE_STDLIB_H 1
| #define HAVE_STRING_H 1
| #define HAVE_MEMORY_H 1
| #define HAVE_STRINGS_H 1
| #define HAVE_INTTYPES_H 1
| #define HAVE_STDINT_H 1
| #define HAVE_UNISTD_H 1
| #define HAVE_LIBM 1
| #define HAVE_POSIX_MEMALIGN 1
| #define USE_SIMD 1
| #define USE_SIMD_PP 1
| #define USE_SIMD_PC 1
| #define HAVE_POSIX_MEMALIGN 1
| #define _GNU_SOURCE 1
| #define HAVE_LIBBZ2 1
| #define HAVE_ALLOCA_H 1
| #define HAVE_ALLOCA 1
| #define HAVE_FSEEKO 1
| #define HAVE_STDLIB_H 1
| #define HAVE_MALLOC 1
| #define HAVE_STDLIB_H 1
| #define HAVE_REALLOC 1
| #define HAVE_VPRINTF 1
| #define STDC_HEADERS 1
| #define HAVE_FCNTL_H 1
| #define HAVE_LIMITS_H 1
| #define HAVE_STDDEF_H 1
| #define HAVE_STDLIB_H 1
| #define HAVE_STRING_H 1
| #define HAVE_SYS_PARAM_H 1
| #define HAVE_SYS_TIME_H 1
| #define HAVE_UNISTD_H 1
| /* end confdefs.h.  */
| #include <ansidecl.h>
configure:7907: result: no
configure:7940: checking for ansidecl.h
configure:7948: result: no
configure:7831: checking fenv.h usability
configure:7848: gcc -c -g -O2  conftest.c >&5
configure:7854: $? = 0
configure:7868: result: yes
configure:7872: checking fenv.h presence
configure:7887: gcc -E  conftest.c
configure:7893: $? = 0
configure:7907: result: yes
configure:7940: checking for fenv.h
configure:7948: result: yes
configure:7963: checking for an ANSI C-conforming const
configure:8038: gcc -c -g -O2  conftest.c >&5
configure:8044: $? = 0
configure:8059: result: yes
configure:8069: checking for inline
configure:8095: gcc -c -g -O2  conftest.c >&5
configure:8101: $? = 0
configure:8119: result: inline
configure:8138: checking for off_t
configure:8168: gcc -c -g -O2  conftest.c >&5
configure:8174: $? = 0
configure:8189: result: yes
configure:8201: checking for size_t
configure:8231: gcc -c -g -O2  conftest.c >&5
configure:8237: $? = 0
configure:8252: result: yes
configure:8264: checking return type of signal handlers
configure:8292: gcc -c -g -O2  conftest.c >&5
conftest.c: In function 'main':
conftest.c:60: error: void value not ignored as it ought to be
configure:8298: $? = 1
configure: failed program was:
| /* confdefs.h.  */
| #define PACKAGE_NAME "pkdgrav2"
| #define PACKAGE_TARNAME "pkdgrav2"
| #define PACKAGE_VERSION "2.2.10"
| #define PACKAGE_STRING "pkdgrav2 2.2.10"
| #define PACKAGE_BUGREPORT "bugs@pkdgrav2.org"
| #define PACKAGE "pkdgrav2"
| #define VERSION "2.2.10"
| #define FC_MAIN main
| #define FLOAT double
| #define FLOAT_MAXVAL HUGE
| #define INSTRUMENT 1
| #define USE_BT 1
| #define LOCAL_EXPANSION 1
| #define MOMFLOAT double
| #define CHANGESOFT 1
| #define STDC_HEADERS 1
| #define HAVE_SYS_TYPES_H 1
| #define HAVE_SYS_STAT_H 1
| #define HAVE_STDLIB_H 1
| #define HAVE_STRING_H 1
| #define HAVE_MEMORY_H 1
| #define HAVE_STRINGS_H 1
| #define HAVE_INTTYPES_H 1
| #define HAVE_STDINT_H 1
| #define HAVE_UNISTD_H 1
| #define HAVE_LIBM 1
| #define HAVE_POSIX_MEMALIGN 1
| #define USE_SIMD 1
| #define USE_SIMD_PP 1
| #define USE_SIMD_PC 1
| #define HAVE_POSIX_MEMALIGN 1
| #define _GNU_SOURCE 1
| #define HAVE_LIBBZ2 1
| #define HAVE_ALLOCA_H 1
| #define HAVE_ALLOCA 1
| #define HAVE_FSEEKO 1
| #define HAVE_STDLIB_H 1
| #define HAVE_MALLOC 1
| #define HAVE_STDLIB_H 1
| #define HAVE_REALLOC 1
| #define HAVE_VPRINTF 1
| #define STDC_HEADERS 1
| #define HAVE_FCNTL_H 1
| #define HAVE_LIMITS_H 1
| #define HAVE_STDDEF_H 1
| #define HAVE_STDLIB_H 1
| #define HAVE_STRING_H 1
| #define HAVE_SYS_PARAM_H 1
| #define HAVE_SYS_TIME_H 1
| #define HAVE_UNISTD_H 1
| #define HAVE_FENV_H 1
| /* end confdefs.h.  */
| #include <sys/types.h>
| #include <signal.h>
| 
| int
| main ()
| {
| return *(signal (0, 0)) (0) == 1;
|   ;
|   return 0;
| }
configure:8313: result: void
configure:8321: checking for stdbool.h that conforms to C99
configure:8414: gcc -c -g -O2  conftest.c >&5
configure:8420: $? = 0
configure:8435: result: yes
configure:8437: checking for _Bool
configure:8467: gcc -c -g -O2  conftest.c >&5
configure:8473: $? = 0
configure:8488: result: yes
configure:8507: checking whether time.h and sys/time.h may both be included
configure:8537: gcc -c -g -O2  conftest.c >&5
configure:8543: $? = 0
configure:8558: result: yes
configure:8575: checking for special C compiler options needed for large files
configure:8668: result: no
configure:8674: checking for _FILE_OFFSET_BITS value needed for large files
configure:8709: gcc -c -g -O2  conftest.c >&5
configure:8715: $? = 0
configure:8783: result: no
configure:8937: checking c_asm.h usability
configure:8954: gcc -c -g -O2  conftest.c >&5
conftest.c:91:19: error: c_asm.h: No such file or directory
configure:8960: $? = 1
configure: failed program was:
| /* confdefs.h.  */
| #define PACKAGE_NAME "pkdgrav2"
| #define PACKAGE_TARNAME "pkdgrav2"
| #define PACKAGE_VERSION "2.2.10"
| #define PACKAGE_STRING "pkdgrav2 2.2.10"
| #define PACKAGE_BUGREPORT "bugs@pkdgrav2.org"
| #define PACKAGE "pkdgrav2"
| #define VERSION "2.2.10"
| #define FC_MAIN main
| #define FLOAT double
| #define FLOAT_MAXVAL HUGE
| #define INSTRUMENT 1
| #define USE_BT 1
| #define LOCAL_EXPANSION 1
| #define MOMFLOAT double
| #define CHANGESOFT 1
| #define STDC_HEADERS 1
| #define HAVE_SYS_TYPES_H 1
| #define HAVE_SYS_STAT_H 1
| #define HAVE_STDLIB_H 1
| #define HAVE_STRING_H 1
| #define HAVE_MEMORY_H 1
| #define HAVE_STRINGS_H 1
| #define HAVE_INTTYPES_H 1
| #define HAVE_STDINT_H 1
| #define HAVE_UNISTD_H 1
| #define HAVE_LIBM 1
| #define HAVE_POSIX_MEMALIGN 1
| #define USE_SIMD 1
| #define USE_SIMD_PP 1
| #define USE_SIMD_PC 1
| #define HAVE_POSIX_MEMALIGN 1
| #define _GNU_SOURCE 1
| #define HAVE_LIBBZ2 1
| #define HAVE_ALLOCA_H 1
| #define HAVE_ALLOCA 1
| #define HAVE_FSEEKO 1
| #define HAVE_STDLIB_H 1
| #define HAVE_MALLOC 1
| #define HAVE_STDLIB_H 1
| #define HAVE_REALLOC 1
| #define HAVE_VPRINTF 1
| #define STDC_HEADERS 1
| #define HAVE_FCNTL_H 1
| #define HAVE_LIMITS_H 1
| #define HAVE_STDDEF_H 1
| #define HAVE_STDLIB_H 1
| #define HAVE_STRING_H 1
| #define HAVE_SYS_PARAM_H 1
| #define HAVE_SYS_TIME_H 1
| #define HAVE_UNISTD_H 1
| #define HAVE_FENV_H 1
| #define RETSIGTYPE void
| #define HAVE__BOOL 1
| #define HAVE_STDBOOL_H 1
| #define TIME_WITH_SYS_TIME 1
| /* end confdefs.h.  */
| #include <stdio.h>
| #ifdef HAVE_SYS_TYPES_H
| # include <sys/types.h>
| #endif
| #ifdef HAVE_SYS_STAT_H
| # include <sys/stat.h>
| #endif
| #ifdef STDC_HEADERS
| # include <stdlib.h>
| # include <stddef.h>
| #else
| # ifdef HAVE_STDLIB_H
| #  include <stdlib.h>
| # endif
| #endif
| #ifdef HAVE_STRING_H
| # if !defined STDC_HEADERS && defined HAVE_MEMORY_H
| #  include <memory.h>
| # endif
| # include <string.h>
| #endif
| #ifdef HAVE_STRINGS_H
| # include <strings.h>
| #endif
| #ifdef HAVE_INTTYPES_H
| # include <inttypes.h>
| #endif
| #ifdef HAVE_STDINT_H
| # include <stdint.h>
| #endif
| #ifdef HAVE_UNISTD_H
| # include <unistd.h>
| #endif
| #include <c_asm.h>
configure:8974: result: no
configure:8978: checking c_asm.h presence
configure:8993: gcc -E  conftest.c
conftest.c:58:19: error: c_asm.h: No such file or directory
configure:8999: $? = 1
configure: failed program was:
| /* confdefs.h.  */
| #define PACKAGE_NAME "pkdgrav2"
| #define PACKAGE_TARNAME "pkdgrav2"
| #define PACKAGE_VERSION "2.2.10"
| #define PACKAGE_STRING "pkdgrav2 2.2.10"
| #define PACKAGE_BUGREPORT "bugs@pkdgrav2.org"
| #define PACKAGE "pkdgrav2"
| #define VERSION "2.2.10"
| #define FC_MAIN main
| #define FLOAT double
| #define FLOAT_MAXVAL HUGE
| #define INSTRUMENT 1
| #define USE_BT 1
| #define LOCAL_EXPANSION 1
| #define MOMFLOAT double
| #define CHANGESOFT 1
| #define STDC_HEADERS 1
| #define HAVE_SYS_TYPES_H 1
| #define HAVE_SYS_STAT_H 1
| #define HAVE_STDLIB_H 1
| #define HAVE_STRING_H 1
| #define HAVE_MEMORY_H 1
| #define HAVE_STRINGS_H 1
| #define HAVE_INTTYPES_H 1
| #define HAVE_STDINT_H 1
| #define HAVE_UNISTD_H 1
| #define HAVE_LIBM 1
| #define HAVE_POSIX_MEMALIGN 1
| #define USE_SIMD 1
| #define USE_SIMD_PP 1
| #define USE_SIMD_PC 1
| #define HAVE_POSIX_MEMALIGN 1
| #define _GNU_SOURCE 1
| #define HAVE_LIBBZ2 1
| #define HAVE_ALLOCA_H 1
| #define HAVE_ALLOCA 1
| #define HAVE_FSEEKO 1
| #define HAVE_STDLIB_H 1
| #define HAVE_MALLOC 1
| #define HAVE_STDLIB_H 1
| #define HAVE_REALLOC 1
| #define HAVE_VPRINTF 1
| #define STDC_HEADERS 1
| #define HAVE_FCNTL_H 1
| #define HAVE_LIMITS_H 1
| #define HAVE_STDDEF_H 1
| #define HAVE_STDLIB_H 1
| #define HAVE_STRING_H 1
| #define HAVE_SYS_PARAM_H 1
| #define HAVE_SYS_TIME_H 1
| #define HAVE_UNISTD_H 1
| #define HAVE_FENV_H 1
| #define RETSIGTYPE void
| #define HAVE__BOOL 1
| #define HAVE_STDBOOL_H 1
| #define TIME_WITH_SYS_TIME 1
| /* end confdefs.h.  */
| #include <c_asm.h>
configure:9013: result: no
configure:9046: checking for c_asm.h
configure:9054: result: no
configure:8937: checking intrinsics.h usability
configure:8954: gcc -c -g -O2  conftest.c >&5
conftest.c:91:24: error: intrinsics.h: No such file or directory
configure:8960: $? = 1
configure: failed program was:
| /* confdefs.h.  */
| #define PACKAGE_NAME "pkdgrav2"
| #define PACKAGE_TARNAME "pkdgrav2"
| #define PACKAGE_VERSION "2.2.10"
| #define PACKAGE_STRING "pkdgrav2 2.2.10"
| #define PACKAGE_BUGREPORT "bugs@pkdgrav2.org"
| #define PACKAGE "pkdgrav2"
| #define VERSION "2.2.10"
| #define FC_MAIN main
| #define FLOAT double
| #define FLOAT_MAXVAL HUGE
| #define INSTRUMENT 1
| #define USE_BT 1
| #define LOCAL_EXPANSION 1
| #define MOMFLOAT double
| #define CHANGESOFT 1
| #define STDC_HEADERS 1
| #define HAVE_SYS_TYPES_H 1
| #define HAVE_SYS_STAT_H 1
| #define HAVE_STDLIB_H 1
| #define HAVE_STRING_H 1
| #define HAVE_MEMORY_H 1
| #define HAVE_STRINGS_H 1
| #define HAVE_INTTYPES_H 1
| #define HAVE_STDINT_H 1
| #define HAVE_UNISTD_H 1
| #define HAVE_LIBM 1
| #define HAVE_POSIX_MEMALIGN 1
| #define USE_SIMD 1
| #define USE_SIMD_PP 1
| #define USE_SIMD_PC 1
| #define HAVE_POSIX_MEMALIGN 1
| #define _GNU_SOURCE 1
| #define HAVE_LIBBZ2 1
| #define HAVE_ALLOCA_H 1
| #define HAVE_ALLOCA 1
| #define HAVE_FSEEKO 1
| #define HAVE_STDLIB_H 1
| #define HAVE_MALLOC 1
| #define HAVE_STDLIB_H 1
| #define HAVE_REALLOC 1
| #define HAVE_VPRINTF 1
| #define STDC_HEADERS 1
| #define HAVE_FCNTL_H 1
| #define HAVE_LIMITS_H 1
| #define HAVE_STDDEF_H 1
| #define HAVE_STDLIB_H 1
| #define HAVE_STRING_H 1
| #define HAVE_SYS_PARAM_H 1
| #define HAVE_SYS_TIME_H 1
| #define HAVE_UNISTD_H 1
| #define HAVE_FENV_H 1
| #define RETSIGTYPE void
| #define HAVE__BOOL 1
| #define HAVE_STDBOOL_H 1
| #define TIME_WITH_SYS_TIME 1
| /* end confdefs.h.  */
| #include <stdio.h>
| #ifdef HAVE_SYS_TYPES_H
| # include <sys/types.h>
| #endif
| #ifdef HAVE_SYS_STAT_H
| # include <sys/stat.h>
| #endif
| #ifdef STDC_HEADERS
| # include <stdlib.h>
| # include <stddef.h>
| #else
| # ifdef HAVE_STDLIB_H
| #  include <stdlib.h>
| # endif
| #endif
| #ifdef HAVE_STRING_H
| # if !defined STDC_HEADERS && defined HAVE_MEMORY_H
| #  include <memory.h>
| # endif
| # include <string.h>
| #endif
| #ifdef HAVE_STRINGS_H
| # include <strings.h>
| #endif
| #ifdef HAVE_INTTYPES_H
| # include <inttypes.h>
| #endif
| #ifdef HAVE_STDINT_H
| # include <stdint.h>
| #endif
| #ifdef HAVE_UNISTD_H
| # include <unistd.h>
| #endif
| #include <intrinsics.h>
configure:8974: result: no
configure:8978: checking intrinsics.h presence
configure:8993: gcc -E  conftest.c
conftest.c:58:24: error: intrinsics.h: No such file or directory
configure:8999: $? = 1
configure: failed program was:
| /* confdefs.h.  */
| #define PACKAGE_NAME "pkdgrav2"
| #define PACKAGE_TARNAME "pkdgrav2"
| #define PACKAGE_VERSION "2.2.10"
| #define PACKAGE_STRING "pkdgrav2 2.2.10"
| #define PACKAGE_BUGREPORT "bugs@pkdgrav2.org"
| #define PACKAGE "pkdgrav2"
| #define VERSION "2.2.10"
| #define FC_MAIN main
| #define FLOAT double
| #define FLOAT_MAXVAL HUGE
| #define INSTRUMENT 1
| #define USE_BT 1
| #define LOCAL_EXPANSION 1
| #define MOMFLOAT double
| #define CHANGESOFT 1
| #define STDC_HEADERS 1
| #define HAVE_SYS_TYPES_H 1
| #define HAVE_SYS_STAT_H 1
| #define HAVE_STDLIB_H 1
| #define HAVE_STRING_H 1
| #define HAVE_MEMORY_H 1
| #define HAVE_STRINGS_H 1
| #define HAVE_INTTYPES_H 1
| #define HAVE_STDINT_H 1
| #define HAVE_UNISTD_H 1
| #define HAVE_LIBM 1
| #define HAVE_POSIX_MEMALIGN 1
| #define USE_SIMD 1
| #define USE_SIMD_PP 1
| #define USE_SIMD_PC 1
| #define HAVE_POSIX_MEMALIGN 1
| #define _GNU_SOURCE 1
| #define HAVE_LIBBZ2 1
| #define HAVE_ALLOCA_H 1
| #define HAVE_ALLOCA 1
| #define HAVE_FSEEKO 1
| #define HAVE_STDLIB_H 1
| #define HAVE_MALLOC 1
| #define HAVE_STDLIB_H 1
| #define HAVE_REALLOC 1
| #define HAVE_VPRINTF 1
| #define STDC_HEADERS 1
| #define HAVE_FCNTL_H 1
| #define HAVE_LIMITS_H 1
| #define HAVE_STDDEF_H 1
| #define HAVE_STDLIB_H 1
| #define HAVE_STRING_H 1
| #define HAVE_SYS_PARAM_H 1
| #define HAVE_SYS_TIME_H 1
| #define HAVE_UNISTD_H 1
| #define HAVE_FENV_H 1
| #define RETSIGTYPE void
| #define HAVE__BOOL 1
| #define HAVE_STDBOOL_H 1
| #define TIME_WITH_SYS_TIME 1
| /* end confdefs.h.  */
| #include <intrinsics.h>
configure:9013: result: no
configure:9046: checking for intrinsics.h
configure:9054: result: no
configure:8937: checking mach/mach_time.h usability
configure:8954: gcc -c -g -O2  conftest.c >&5
configure:8960: $? = 0
configure:8974: result: yes
configure:8978: checking mach/mach_time.h presence
configure:8993: gcc -E  conftest.c
configure:8999: $? = 0
configure:9013: result: yes
configure:9046: checking for mach/mach_time.h
configure:9054: result: yes
configure:9067: checking for working volatile
configure:9096: gcc -c -g -O2  conftest.c >&5
configure:9102: $? = 0
configure:9117: result: yes
configure:9127: checking for hrtime_t
configure:9160: gcc -c -g -O2  conftest.c >&5
conftest.c:63: error: expected '=', ',', ';', 'asm' or '__attribute__' before 'ac__type_new_'
conftest.c: In function 'main':
conftest.c:67: error: 'ac__type_new_' undeclared (first use in this function)
conftest.c:67: error: (Each undeclared identifier is reported only once
conftest.c:67: error: for each function it appears in.)
conftest.c:67: error: expected expression before ')' token
configure:9166: $? = 1
configure: failed program was:
| /* confdefs.h.  */
| #define PACKAGE_NAME "pkdgrav2"
| #define PACKAGE_TARNAME "pkdgrav2"
| #define PACKAGE_VERSION "2.2.10"
| #define PACKAGE_STRING "pkdgrav2 2.2.10"
| #define PACKAGE_BUGREPORT "bugs@pkdgrav2.org"
| #define PACKAGE "pkdgrav2"
| #define VERSION "2.2.10"
| #define FC_MAIN main
| #define FLOAT double
| #define FLOAT_MAXVAL HUGE
| #define INSTRUMENT 1
| #define USE_BT 1
| #define LOCAL_EXPANSION 1
| #define MOMFLOAT double
| #define CHANGESOFT 1
| #define STDC_HEADERS 1
| #define HAVE_SYS_TYPES_H 1
| #define HAVE_SYS_STAT_H 1
| #define HAVE_STDLIB_H 1
| #define HAVE_STRING_H 1
| #define HAVE_MEMORY_H 1
| #define HAVE_STRINGS_H 1
| #define HAVE_INTTYPES_H 1
| #define HAVE_STDINT_H 1
| #define HAVE_UNISTD_H 1
| #define HAVE_LIBM 1
| #define HAVE_POSIX_MEMALIGN 1
| #define USE_SIMD 1
| #define USE_SIMD_PP 1
| #define USE_SIMD_PC 1
| #define HAVE_POSIX_MEMALIGN 1
| #define _GNU_SOURCE 1
| #define HAVE_LIBBZ2 1
| #define HAVE_ALLOCA_H 1
| #define HAVE_ALLOCA 1
| #define HAVE_FSEEKO 1
| #define HAVE_STDLIB_H 1
| #define HAVE_MALLOC 1
| #define HAVE_STDLIB_H 1
| #define HAVE_REALLOC 1
| #define HAVE_VPRINTF 1
| #define STDC_HEADERS 1
| #define HAVE_FCNTL_H 1
| #define HAVE_LIMITS_H 1
| #define HAVE_STDDEF_H 1
| #define HAVE_STDLIB_H 1
| #define HAVE_STRING_H 1
| #define HAVE_SYS_PARAM_H 1
| #define HAVE_SYS_TIME_H 1
| #define HAVE_UNISTD_H 1
| #define HAVE_FENV_H 1
| #define RETSIGTYPE void
| #define HAVE__BOOL 1
| #define HAVE_STDBOOL_H 1
| #define TIME_WITH_SYS_TIME 1
| #define HAVE_MACH_MACH_TIME_H 1
| /* end confdefs.h.  */
| #if HAVE_SYS_TIME_H
| #include <sys/time.h>
| #endif
| 
| typedef hrtime_t ac__type_new_;
| int
| main ()
| {
| if ((ac__type_new_ *) 0)
|   return 0;
| if (sizeof (ac__type_new_))
|   return 0;
|   ;
|   return 0;
| }
configure:9181: result: no
configure:9200: checking for gethrtime
configure:9256: gcc -o conftest -g -O2   conftest.c -lbz2 -lm  >&5
Undefined symbols:
  "_gethrtime", referenced from:
      _main in ccjwmkvX.o
ld: symbol(s) not found
collect2: ld returned 1 exit status
configure:9262: $? = 1
configure: failed program was:
| /* confdefs.h.  */
| #define PACKAGE_NAME "pkdgrav2"
| #define PACKAGE_TARNAME "pkdgrav2"
| #define PACKAGE_VERSION "2.2.10"
| #define PACKAGE_STRING "pkdgrav2 2.2.10"
| #define PACKAGE_BUGREPORT "bugs@pkdgrav2.org"
| #define PACKAGE "pkdgrav2"
| #define VERSION "2.2.10"
| #define FC_MAIN main
| #define FLOAT double
| #define FLOAT_MAXVAL HUGE
| #define INSTRUMENT 1
| #define USE_BT 1
| #define LOCAL_EXPANSION 1
| #define MOMFLOAT double
| #define CHANGESOFT 1
| #define STDC_HEADERS 1
| #define HAVE_SYS_TYPES_H 1
| #define HAVE_SYS_STAT_H 1
| #define HAVE_STDLIB_H 1
| #define HAVE_STRING_H 1
| #define HAVE_MEMORY_H 1
| #define HAVE_STRINGS_H 1
| #define HAVE_INTTYPES_H 1
| #define HAVE_STDINT_H 1
| #define HAVE_UNISTD_H 1
| #define HAVE_LIBM 1
| #define HAVE_POSIX_MEMALIGN 1
| #define USE_SIMD 1
| #define USE_SIMD_PP 1
| #define USE_SIMD_PC 1
| #define HAVE_POSIX_MEMALIGN 1
| #define _GNU_SOURCE 1
| #define HAVE_LIBBZ2 1
| #define HAVE_ALLOCA_H 1
| #define HAVE_ALLOCA 1
| #define HAVE_FSEEKO 1
| #define HAVE_STDLIB_H 1
| #define HAVE_MALLOC 1
| #define HAVE_STDLIB_H 1
| #define HAVE_REALLOC 1
| #define HAVE_VPRINTF 1
| #define STDC_HEADERS 1
| #define HAVE_FCNTL_H 1
| #define HAVE_LIMITS_H 1
| #define HAVE_STDDEF_H 1
| #define HAVE_STDLIB_H 1
| #define HAVE_STRING_H 1
| #define HAVE_SYS_PARAM_H 1
| #define HAVE_SYS_TIME_H 1
| #define HAVE_UNISTD_H 1
| #define HAVE_FENV_H 1
| #define RETSIGTYPE void
| #define HAVE__BOOL 1
| #define HAVE_STDBOOL_H 1
| #define TIME_WITH_SYS_TIME 1
| #define HAVE_MACH_MACH_TIME_H 1
| /* end confdefs.h.  */
| /* Define gethrtime to an innocuous variant, in case <limits.h> declares gethrtime.
|    For example, HP-UX 11i <limits.h> declares gettimeofday.  */
| #define gethrtime innocuous_gethrtime
| 
| /* System header to define __stub macros and hopefully few prototypes,
|     which can conflict with char gethrtime (); below.
|     Prefer <limits.h> to <assert.h> if __STDC__ is defined, since
|     <limits.h> exists even on freestanding compilers.  */
| 
| #ifdef __STDC__
| # include <limits.h>
| #else
| # include <assert.h>
| #endif
| 
| #undef gethrtime
| 
| /* Override any GCC internal prototype to avoid an error.
|    Use char because int might match the return type of a GCC
|    builtin and then its argument prototype would still apply.  */
| #ifdef __cplusplus
| extern "C"
| #endif
| char gethrtime ();
| /* The GNU C library defines this for functions which it implements
|     to always fail with ENOSYS.  Some functions are actually named
|     something starting with __ and the normal name is an alias.  */
| #if defined __stub_gethrtime || defined __stub___gethrtime
| choke me
| #endif
| 
| int
| main ()
| {
| return gethrtime ();
|   ;
|   return 0;
| }
configure:9280: result: no
configure:9200: checking for read_real_time
configure:9256: gcc -o conftest -g -O2   conftest.c -lbz2 -lm  >&5
Undefined symbols:
  "_read_real_time", referenced from:
      _main in cctWbjuc.o
ld: symbol(s) not found
collect2: ld returned 1 exit status
configure:9262: $? = 1
configure: failed program was:
| /* confdefs.h.  */
| #define PACKAGE_NAME "pkdgrav2"
| #define PACKAGE_TARNAME "pkdgrav2"
| #define PACKAGE_VERSION "2.2.10"
| #define PACKAGE_STRING "pkdgrav2 2.2.10"
| #define PACKAGE_BUGREPORT "bugs@pkdgrav2.org"
| #define PACKAGE "pkdgrav2"
| #define VERSION "2.2.10"
| #define FC_MAIN main
| #define FLOAT double
| #define FLOAT_MAXVAL HUGE
| #define INSTRUMENT 1
| #define USE_BT 1
| #define LOCAL_EXPANSION 1
| #define MOMFLOAT double
| #define CHANGESOFT 1
| #define STDC_HEADERS 1
| #define HAVE_SYS_TYPES_H 1
| #define HAVE_SYS_STAT_H 1
| #define HAVE_STDLIB_H 1
| #define HAVE_STRING_H 1
| #define HAVE_MEMORY_H 1
| #define HAVE_STRINGS_H 1
| #define HAVE_INTTYPES_H 1
| #define HAVE_STDINT_H 1
| #define HAVE_UNISTD_H 1
| #define HAVE_LIBM 1
| #define HAVE_POSIX_MEMALIGN 1
| #define USE_SIMD 1
| #define USE_SIMD_PP 1
| #define USE_SIMD_PC 1
| #define HAVE_POSIX_MEMALIGN 1
| #define _GNU_SOURCE 1
| #define HAVE_LIBBZ2 1
| #define HAVE_ALLOCA_H 1
| #define HAVE_ALLOCA 1
| #define HAVE_FSEEKO 1
| #define HAVE_STDLIB_H 1
| #define HAVE_MALLOC 1
| #define HAVE_STDLIB_H 1
| #define HAVE_REALLOC 1
| #define HAVE_VPRINTF 1
| #define STDC_HEADERS 1
| #define HAVE_FCNTL_H 1
| #define HAVE_LIMITS_H 1
| #define HAVE_STDDEF_H 1
| #define HAVE_STDLIB_H 1
| #define HAVE_STRING_H 1
| #define HAVE_SYS_PARAM_H 1
| #define HAVE_SYS_TIME_H 1
| #define HAVE_UNISTD_H 1
| #define HAVE_FENV_H 1
| #define RETSIGTYPE void
| #define HAVE__BOOL 1
| #define HAVE_STDBOOL_H 1
| #define TIME_WITH_SYS_TIME 1
| #define HAVE_MACH_MACH_TIME_H 1
| /* end confdefs.h.  */
| /* Define read_real_time to an innocuous variant, in case <limits.h> declares read_real_time.
|    For example, HP-UX 11i <limits.h> declares gettimeofday.  */
| #define read_real_time innocuous_read_real_time
| 
| /* System header to define __stub macros and hopefully few prototypes,
|     which can conflict with char read_real_time (); below.
|     Prefer <limits.h> to <assert.h> if __STDC__ is defined, since
|     <limits.h> exists even on freestanding compilers.  */
| 
| #ifdef __STDC__
| # include <limits.h>
| #else
| # include <assert.h>
| #endif
| 
| #undef read_real_time
| 
| /* Override any GCC internal prototype to avoid an error.
|    Use char because int might match the return type of a GCC
|    builtin and then its argument prototype would still apply.  */
| #ifdef __cplusplus
| extern "C"
| #endif
| char read_real_time ();
| /* The GNU C library defines this for functions which it implements
|     to always fail with ENOSYS.  Some functions are actually named
|     something starting with __ and the normal name is an alias.  */
| #if defined __stub_read_real_time || defined __stub___read_real_time
| choke me
| #endif
| 
| int
| main ()
| {
| return read_real_time ();
|   ;
|   return 0;
| }
configure:9280: result: no
configure:9200: checking for time_base_to_time
configure:9256: gcc -o conftest -g -O2   conftest.c -lbz2 -lm  >&5
Undefined symbols:
  "_time_base_to_time", referenced from:
      _main in ccDN4CUa.o
ld: symbol(s) not found
collect2: ld returned 1 exit status
configure:9262: $? = 1
configure: failed program was:
| /* confdefs.h.  */
| #define PACKAGE_NAME "pkdgrav2"
| #define PACKAGE_TARNAME "pkdgrav2"
| #define PACKAGE_VERSION "2.2.10"
| #define PACKAGE_STRING "pkdgrav2 2.2.10"
| #define PACKAGE_BUGREPORT "bugs@pkdgrav2.org"
| #define PACKAGE "pkdgrav2"
| #define VERSION "2.2.10"
| #define FC_MAIN main
| #define FLOAT double
| #define FLOAT_MAXVAL HUGE
| #define INSTRUMENT 1
| #define USE_BT 1
| #define LOCAL_EXPANSION 1
| #define MOMFLOAT double
| #define CHANGESOFT 1
| #define STDC_HEADERS 1
| #define HAVE_SYS_TYPES_H 1
| #define HAVE_SYS_STAT_H 1
| #define HAVE_STDLIB_H 1
| #define HAVE_STRING_H 1
| #define HAVE_MEMORY_H 1
| #define HAVE_STRINGS_H 1
| #define HAVE_INTTYPES_H 1
| #define HAVE_STDINT_H 1
| #define HAVE_UNISTD_H 1
| #define HAVE_LIBM 1
| #define HAVE_POSIX_MEMALIGN 1
| #define USE_SIMD 1
| #define USE_SIMD_PP 1
| #define USE_SIMD_PC 1
| #define HAVE_POSIX_MEMALIGN 1
| #define _GNU_SOURCE 1
| #define HAVE_LIBBZ2 1
| #define HAVE_ALLOCA_H 1
| #define HAVE_ALLOCA 1
| #define HAVE_FSEEKO 1
| #define HAVE_STDLIB_H 1
| #define HAVE_MALLOC 1
| #define HAVE_STDLIB_H 1
| #define HAVE_REALLOC 1
| #define HAVE_VPRINTF 1
| #define STDC_HEADERS 1
| #define HAVE_FCNTL_H 1
| #define HAVE_LIMITS_H 1
| #define HAVE_STDDEF_H 1
| #define HAVE_STDLIB_H 1
| #define HAVE_STRING_H 1
| #define HAVE_SYS_PARAM_H 1
| #define HAVE_SYS_TIME_H 1
| #define HAVE_UNISTD_H 1
| #define HAVE_FENV_H 1
| #define RETSIGTYPE void
| #define HAVE__BOOL 1
| #define HAVE_STDBOOL_H 1
| #define TIME_WITH_SYS_TIME 1
| #define HAVE_MACH_MACH_TIME_H 1
| /* end confdefs.h.  */
| /* Define time_base_to_time to an innocuous variant, in case <limits.h> declares time_base_to_time.
|    For example, HP-UX 11i <limits.h> declares gettimeofday.  */
| #define time_base_to_time innocuous_time_base_to_time
| 
| /* System header to define __stub macros and hopefully few prototypes,
|     which can conflict with char time_base_to_time (); below.
|     Prefer <limits.h> to <assert.h> if __STDC__ is defined, since
|     <limits.h> exists even on freestanding compilers.  */
| 
| #ifdef __STDC__
| # include <limits.h>
| #else
| # include <assert.h>
| #endif
| 
| #undef time_base_to_time
| 
| /* Override any GCC internal prototype to avoid an error.
|    Use char because int might match the return type of a GCC
|    builtin and then its argument prototype would still apply.  */
| #ifdef __cplusplus
| extern "C"
| #endif
| char time_base_to_time ();
| /* The GNU C library defines this for functions which it implements
|     to always fail with ENOSYS.  Some functions are actually named
|     something starting with __ and the normal name is an alias.  */
| #if defined __stub_time_base_to_time || defined __stub___time_base_to_time
| choke me
| #endif
| 
| int
| main ()
| {
| return time_base_to_time ();
|   ;
|   return 0;
| }
configure:9280: result: no
configure:9200: checking for clock_gettime
configure:9256: gcc -o conftest -g -O2   conftest.c -lbz2 -lm  >&5
Undefined symbols:
  "_clock_gettime", referenced from:
      _main in ccM0BqGW.o
ld: symbol(s) not found
collect2: ld returned 1 exit status
configure:9262: $? = 1
configure: failed program was:
| /* confdefs.h.  */
| #define PACKAGE_NAME "pkdgrav2"
| #define PACKAGE_TARNAME "pkdgrav2"
| #define PACKAGE_VERSION "2.2.10"
| #define PACKAGE_STRING "pkdgrav2 2.2.10"
| #define PACKAGE_BUGREPORT "bugs@pkdgrav2.org"
| #define PACKAGE "pkdgrav2"
| #define VERSION "2.2.10"
| #define FC_MAIN main
| #define FLOAT double
| #define FLOAT_MAXVAL HUGE
| #define INSTRUMENT 1
| #define USE_BT 1
| #define LOCAL_EXPANSION 1
| #define MOMFLOAT double
| #define CHANGESOFT 1
| #define STDC_HEADERS 1
| #define HAVE_SYS_TYPES_H 1
| #define HAVE_SYS_STAT_H 1
| #define HAVE_STDLIB_H 1
| #define HAVE_STRING_H 1
| #define HAVE_MEMORY_H 1
| #define HAVE_STRINGS_H 1
| #define HAVE_INTTYPES_H 1
| #define HAVE_STDINT_H 1
| #define HAVE_UNISTD_H 1
| #define HAVE_LIBM 1
| #define HAVE_POSIX_MEMALIGN 1
| #define USE_SIMD 1
| #define USE_SIMD_PP 1
| #define USE_SIMD_PC 1
| #define HAVE_POSIX_MEMALIGN 1
| #define _GNU_SOURCE 1
| #define HAVE_LIBBZ2 1
| #define HAVE_ALLOCA_H 1
| #define HAVE_ALLOCA 1
| #define HAVE_FSEEKO 1
| #define HAVE_STDLIB_H 1
| #define HAVE_MALLOC 1
| #define HAVE_STDLIB_H 1
| #define HAVE_REALLOC 1
| #define HAVE_VPRINTF 1
| #define STDC_HEADERS 1
| #define HAVE_FCNTL_H 1
| #define HAVE_LIMITS_H 1
| #define HAVE_STDDEF_H 1
| #define HAVE_STDLIB_H 1
| #define HAVE_STRING_H 1
| #define HAVE_SYS_PARAM_H 1
| #define HAVE_SYS_TIME_H 1
| #define HAVE_UNISTD_H 1
| #define HAVE_FENV_H 1
| #define RETSIGTYPE void
| #define HAVE__BOOL 1
| #define HAVE_STDBOOL_H 1
| #define TIME_WITH_SYS_TIME 1
| #define HAVE_MACH_MACH_TIME_H 1
| /* end confdefs.h.  */
| /* Define clock_gettime to an innocuous variant, in case <limits.h> declares clock_gettime.
|    For example, HP-UX 11i <limits.h> declares gettimeofday.  */
| #define clock_gettime innocuous_clock_gettime
| 
| /* System header to define __stub macros and hopefully few prototypes,
|     which can conflict with char clock_gettime (); below.
|     Prefer <limits.h> to <assert.h> if __STDC__ is defined, since
|     <limits.h> exists even on freestanding compilers.  */
| 
| #ifdef __STDC__
| # include <limits.h>
| #else
| # include <assert.h>
| #endif
| 
| #undef clock_gettime
| 
| /* Override any GCC internal prototype to avoid an error.
|    Use char because int might match the return type of a GCC
|    builtin and then its argument prototype would still apply.  */
| #ifdef __cplusplus
| extern "C"
| #endif
| char clock_gettime ();
| /* The GNU C library defines this for functions which it implements
|     to always fail with ENOSYS.  Some functions are actually named
|     something starting with __ and the normal name is an alias.  */
| #if defined __stub_clock_gettime || defined __stub___clock_gettime
| choke me
| #endif
| 
| int
| main ()
| {
| return clock_gettime ();
|   ;
|   return 0;
| }
configure:9280: result: no
configure:9200: checking for mach_absolute_time
configure:9256: gcc -o conftest -g -O2   conftest.c -lbz2 -lm  >&5
configure:9262: $? = 0
configure:9280: result: yes
configure:9290: checking for _rtc intrinsic
configure:9316: gcc -o conftest -g -O2   conftest.c -lbz2 -lm  >&5
Undefined symbols:
  "__rtc", referenced from:
      _main in ccwXx7Hj.o
ld: symbol(s) not found
collect2: ld returned 1 exit status
configure:9322: $? = 1
configure: failed program was:
| /* confdefs.h.  */
| #define PACKAGE_NAME "pkdgrav2"
| #define PACKAGE_TARNAME "pkdgrav2"
| #define PACKAGE_VERSION "2.2.10"
| #define PACKAGE_STRING "pkdgrav2 2.2.10"
| #define PACKAGE_BUGREPORT "bugs@pkdgrav2.org"
| #define PACKAGE "pkdgrav2"
| #define VERSION "2.2.10"
| #define FC_MAIN main
| #define FLOAT double
| #define FLOAT_MAXVAL HUGE
| #define INSTRUMENT 1
| #define USE_BT 1
| #define LOCAL_EXPANSION 1
| #define MOMFLOAT double
| #define CHANGESOFT 1
| #define STDC_HEADERS 1
| #define HAVE_SYS_TYPES_H 1
| #define HAVE_SYS_STAT_H 1
| #define HAVE_STDLIB_H 1
| #define HAVE_STRING_H 1
| #define HAVE_MEMORY_H 1
| #define HAVE_STRINGS_H 1
| #define HAVE_INTTYPES_H 1
| #define HAVE_STDINT_H 1
| #define HAVE_UNISTD_H 1
| #define HAVE_LIBM 1
| #define HAVE_POSIX_MEMALIGN 1
| #define USE_SIMD 1
| #define USE_SIMD_PP 1
| #define USE_SIMD_PC 1
| #define HAVE_POSIX_MEMALIGN 1
| #define _GNU_SOURCE 1
| #define HAVE_LIBBZ2 1
| #define HAVE_ALLOCA_H 1
| #define HAVE_ALLOCA 1
| #define HAVE_FSEEKO 1
| #define HAVE_STDLIB_H 1
| #define HAVE_MALLOC 1
| #define HAVE_STDLIB_H 1
| #define HAVE_REALLOC 1
| #define HAVE_VPRINTF 1
| #define STDC_HEADERS 1
| #define HAVE_FCNTL_H 1
| #define HAVE_LIMITS_H 1
| #define HAVE_STDDEF_H 1
| #define HAVE_STDLIB_H 1
| #define HAVE_STRING_H 1
| #define HAVE_SYS_PARAM_H 1
| #define HAVE_SYS_TIME_H 1
| #define HAVE_UNISTD_H 1
| #define HAVE_FENV_H 1
| #define RETSIGTYPE void
| #define HAVE__BOOL 1
| #define HAVE_STDBOOL_H 1
| #define TIME_WITH_SYS_TIME 1
| #define HAVE_MACH_MACH_TIME_H 1
| #define HAVE_MACH_ABSOLUTE_TIME 1
| /* end confdefs.h.  */
| #ifdef HAVE_INTRINSICS_H
| #include <intrinsics.h>
| #endif
| int
| main ()
| {
| _rtc()
|   ;
|   return 0;
| }
configure:9342: result: no
configure:9357: checking for wordexp
configure:9413: gcc -o conftest -g -O2   conftest.c -lbz2 -lm  >&5
configure:9419: $? = 0
configure:9437: result: yes
configure:9357: checking for wordfree
configure:9413: gcc -o conftest -g -O2   conftest.c -lbz2 -lm  >&5
configure:9419: $? = 0
configure:9437: result: yes
configure:9357: checking for glob
configure:9413: gcc -o conftest -g -O2   conftest.c -lbz2 -lm  >&5
configure:9419: $? = 0
configure:9437: result: yes
configure:9357: checking for globfree
configure:9413: gcc -o conftest -g -O2   conftest.c -lbz2 -lm  >&5
configure:9419: $? = 0
configure:9437: result: yes
configure:9357: checking for gethostname
configure:9413: gcc -o conftest -g -O2   conftest.c -lbz2 -lm  >&5
configure:9419: $? = 0
configure:9437: result: yes
configure:9357: checking for getpagesize
configure:9413: gcc -o conftest -g -O2   conftest.c -lbz2 -lm  >&5
configure:9419: $? = 0
configure:9437: result: yes
configure:9357: checking for mkdir
configure:9413: gcc -o conftest -g -O2   conftest.c -lbz2 -lm  >&5
configure:9419: $? = 0
configure:9437: result: yes
configure:9458: checking for floor
configure:9514: gcc -o conftest -g -O2   conftest.c -lbz2 -lm  >&5
conftest.c:90: warning: conflicting types for built-in function 'floor'
configure:9520: $? = 0
configure:9538: result: yes
configure:9458: checking for gettimeofday
configure:9514: gcc -o conftest -g -O2   conftest.c -lbz2 -lm  >&5
configure:9520: $? = 0
configure:9538: result: yes
configure:9458: checking for pow
configure:9514: gcc -o conftest -g -O2   conftest.c -lbz2 -lm  >&5
conftest.c:92: warning: conflicting types for built-in function 'pow'
configure:9520: $? = 0
configure:9538: result: yes
configure:9458: checking for sqrt
configure:9514: gcc -o conftest -g -O2   conftest.c -lbz2 -lm  >&5
conftest.c:93: warning: conflicting types for built-in function 'sqrt'
configure:9520: $? = 0
configure:9538: result: yes
configure:9458: checking for strchr
configure:9514: gcc -o conftest -g -O2   conftest.c -lbz2 -lm  >&5
conftest.c:94: warning: conflicting types for built-in function 'strchr'
configure:9520: $? = 0
configure:9538: result: yes
configure:9458: checking for strdup
configure:9514: gcc -o conftest -g -O2   conftest.c -lbz2 -lm  >&5
conftest.c:95: warning: conflicting types for built-in function 'strdup'
configure:9520: $? = 0
configure:9538: result: yes
configure:9458: checking for strrchr
configure:9514: gcc -o conftest -g -O2   conftest.c -lbz2 -lm  >&5
conftest.c:96: warning: conflicting types for built-in function 'strrchr'
configure:9520: $? = 0
configure:9538: result: yes
configure:9458: checking for strstr
configure:9514: gcc -o conftest -g -O2   conftest.c -lbz2 -lm  >&5
conftest.c:97: warning: conflicting types for built-in function 'strstr'
configure:9520: $? = 0
configure:9538: result: yes
configure:9872: creating ./config.status

## ---------------------- ##
## Running config.status. ##
## ---------------------- ##

This file was extended by pkdgrav2 config.status 2.2.10, which was
generated by GNU Autoconf 2.61.  Invocation command line was

  CONFIG_FILES    = 
  CONFIG_HEADERS  = 
  CONFIG_LINKS    = 
  CONFIG_COMMANDS = 
  $ ./config.status 

on dhcp-154-226.physik.uzh.ch

config.status:707: creating Makefile
config.status:707: creating config.h
config.status:1042: executing depfiles commands

## ---------------- ##
## Cache variables. ##
## ---------------- ##

ac_cv_c_compiler_gnu=yes
ac_cv_c_const=yes
ac_cv_c_inline=inline
ac_cv_c_volatile=yes
ac_cv_env_CC_set=
ac_cv_env_CC_value=
ac_cv_env_CFLAGS_set=
ac_cv_env_CFLAGS_value=
ac_cv_env_CPPFLAGS_set=
ac_cv_env_CPPFLAGS_value=
ac_cv_env_CPP_set=
ac_cv_env_CPP_value=
ac_cv_env_LDFLAGS_set=
ac_cv_env_LDFLAGS_value=
ac_cv_env_LIBS_set=
ac_cv_env_LIBS_value=
ac_cv_env_build_alias_set=
ac_cv_env_build_alias_value=
ac_cv_env_host_alias_set=
ac_cv_env_host_alias_value=
ac_cv_env_target_alias_set=
ac_cv_env_target_alias_value=
ac_cv_func__doprnt=no
ac_cv_func_alloca_works=yes
ac_cv_func_clock_gettime=no
ac_cv_func_floor=yes
ac_cv_func_gethostname=yes
ac_cv_func_gethrtime=no
ac_cv_func_getpagesize=yes
ac_cv_func_gettimeofday=yes
ac_cv_func_glob=yes
ac_cv_func_globfree=yes
ac_cv_func_lstat_dereferences_slashed_symlink=no
ac_cv_func_mach_absolute_time=yes
ac_cv_func_malloc_0_nonnull=yes
ac_cv_func_mkdir=yes
ac_cv_func_posix_memalign=yes
ac_cv_func_pow=yes
ac_cv_func_read_real_time=no
ac_cv_func_realloc_0_nonnull=yes
ac_cv_func_sqrt=yes
ac_cv_func_stat_empty_string_bug=no
ac_cv_func_strchr=yes
ac_cv_func_strdup=yes
ac_cv_func_strrchr=yes
ac_cv_func_strstr=yes
ac_cv_func_time_base_to_time=no
ac_cv_func_vprintf=yes
ac_cv_func_wordexp=yes
ac_cv_func_wordfree=yes
ac_cv_header_ansidecl_h=no
ac_cv_header_c_asm_h=no
ac_cv_header_fcntl_h=yes
ac_cv_header_fenv_h=yes
ac_cv_header_intrinsics_h=no
ac_cv_header_inttypes_h=yes
ac_cv_header_limits_h=yes
ac_cv_header_mach_mach_time_h=yes
ac_cv_header_malloc_h=no
ac_cv_header_memory_h=yes
ac_cv_header_pthread_h=yes
ac_cv_header_stdbool_h=yes
ac_cv_header_stdc=yes
ac_cv_header_stddef_h=yes
ac_cv_header_stdint_h=yes
ac_cv_header_stdlib_h=yes
ac_cv_header_string_h=yes
ac_cv_header_strings_h=yes
ac_cv_header_sys_param_h=yes
ac_cv_header_sys_stat_h=yes
ac_cv_header_sys_time_h=yes
ac_cv_header_sys_types_h=yes
ac_cv_header_time=yes
ac_cv_header_unistd_h=yes
ac_cv_lib_bz2_BZ2_bzWriteOpen=yes
ac_cv_lib_hdf5_H5Fopen=no
ac_cv_lib_m_fabs=yes
ac_cv_lib_pthread_pthread_create=yes
ac_cv_objext=o
ac_cv_path_EGREP='/usr/bin/grep -E'
ac_cv_path_GREP=/usr/bin/grep
ac_cv_path_install='/usr/bin/install -c'
ac_cv_prog_AWK=gawk
ac_cv_prog_CPP='gcc -E'
ac_cv_prog_MPICC=mpicc
ac_cv_prog_ac_ct_CC=gcc
ac_cv_prog_cc_c89=
ac_cv_prog_cc_g=yes
ac_cv_prog_make_make_set=yes
ac_cv_sys_file_offset_bits=no
ac_cv_sys_largefile_CC=no
ac_cv_sys_largefile_source=no
ac_cv_type__Bool=yes
ac_cv_type_hrtime_t=no
ac_cv_type_off_t=yes
ac_cv_type_signal=void
ac_cv_type_size_t=yes
ac_cv_working_alloca_h=yes
am_cv_CC_dependencies_compiler_type=gcc3

## ----------------- ##
## Output variables. ##
## ----------------- ##

ACLOCAL='${SHELL} /Users/jonathan/uni/Zoology/ZM/StarSpray/pkdgrav2/missing --run aclocal-1.10'
ALLOCA=''
AMDEPBACKSLASH='\'
AMDEP_FALSE='#'
AMDEP_TRUE=''
AMTAR='${SHELL} /Users/jonathan/uni/Zoology/ZM/StarSpray/pkdgrav2/missing --run tar'
AUTOCONF='${SHELL} /Users/jonathan/uni/Zoology/ZM/StarSpray/pkdgrav2/missing --run autoconf'
AUTOHEADER='${SHELL} /Users/jonathan/uni/Zoology/ZM/StarSpray/pkdgrav2/missing --run autoheader'
AUTOMAKE='${SHELL} /Users/jonathan/uni/Zoology/ZM/StarSpray/pkdgrav2/missing --run automake-1.10'
AWK='gawk'
CC='gcc'
CCDEPMODE='depmode=gcc3'
CFLAGS='-g -O2'
CHANGESOFT_FALSE='#'
CHANGESOFT_TRUE=''
COOLING_FALSE=''
COOLING_TRUE='#'
CPP='gcc -E'
CPPFLAGS=''
CYGPATH_W='echo'
DEFS='-DHAVE_CONFIG_H'
DEPDIR='.deps'
ECHO_C='ECHO_N=''
ECHO_T=''
EFENCE_PATH='no'
EGREP='/usr/bin/grep -E'
EXEEXT=''
FFTW_FALSE=''
FFTW_TRUE='#'
GRAFIC_PATH=''
GREP='/usr/bin/grep'
HAVE_EFENCE_PATH_FALSE='#'
HAVE_EFENCE_PATH_TRUE=''
HAVE_MPI_FALSE='#'
HAVE_MPI_TRUE=''
HAVE_PTHREAD_FALSE='#'
HAVE_PTHREAD_TRUE=''
HAVE_SISCI_FALSE=''
HAVE_SISCI_TRUE='#'
HERMITE_FALSE=''
HERMITE_TRUE='#'
HSHRINK_FALSE=''
HSHRINK_TRUE='#'
INSTALL_DATA='${INSTALL} -m 644'
INSTALL_PROGRAM='${INSTALL}'
INSTALL_SCRIPT='${INSTALL}'
INSTALL_STRIP_PROGRAM='$(install_sh) -c -s'
LDFLAGS=''
LIBOBJS=' ${LIBOBJDIR}lstat$U.o'
LIBS='-lbz2 -lm '
LOCAL_EXPANSION_FALSE='#'
LOCAL_EXPANSION_TRUE=''
LTLIBOBJS=' ${LIBOBJDIR}lstat$U.lo'
LUSTRE_FALSE=''
LUSTRE_TRUE='#'
MAKEINFO='${SHELL} /Users/jonathan/uni/Zoology/ZM/StarSpray/pkdgrav2/missing --run makeinfo'
MDL_PATH='mdl2'
MPICC='mpicc'
MPIFC=''
OBJEXT='o'
PACKAGE='pkdgrav2'
PACKAGE_BUGREPORT='bugs@pkdgrav2.org'
PACKAGE_NAME='pkdgrav2'
PACKAGE_STRING='pkdgrav2 2.2.10'
PACKAGE_TARNAME='pkdgrav2'
PACKAGE_VERSION='2.2.10'
PATH_SEPARATOR=':'
PLANETS_FALSE=''
PLANETS_TRUE='#'
PSD_FALSE=''
PSD_TRUE='#'
PYTHON_INC=''
PYTHON_LIB=''
PYTHON_VER=''
RELAXATION_FALSE=''
RELAXATION_TRUE='#'
SET_MAKE=''
SHELL='/bin/sh'
SIMD_CFLAGS='-msse3'
SISCI_PATH=''
SOFTLINEAR_FALSE=''
SOFTLINEAR_TRUE='#'
SOFTSQUARE_FALSE=''
SOFTSQUARE_TRUE='#'
STRIP=''
SYMBA_FALSE=''
SYMBA_TRUE='#'
USE_BSC_FALSE=''
USE_BSC_TRUE='#'
USE_BT_FALSE=''
USE_BT_TRUE='#'
USE_EFENCE_FALSE=''
USE_EFENCE_TRUE='#'
USE_GRAFIC_FALSE=''
USE_GRAFIC_TRUE='#'
USE_HDF5_FALSE=''
USE_HDF5_TRUE='#'
USE_MDL_IO_FALSE=''
USE_MDL_IO_TRUE='#'
USE_PNG_FALSE=''
USE_PNG_TRUE='#'
USE_PYTHON_FALSE=''
USE_PYTHON_TRUE='#'
USE_SIMD_FALSE='#'
USE_SIMD_MOMR_FALSE=''
USE_SIMD_MOMR_TRUE='#'
USE_SIMD_PC_FALSE='#'
USE_SIMD_PC_TRUE=''
USE_SIMD_PP_FALSE='#'
USE_SIMD_PP_TRUE=''
USE_SIMD_TRUE=''
VERSION='2.2.10'
ac_ct_CC='gcc'
am__fastdepCC_FALSE='#'
am__fastdepCC_TRUE=''
am__include='include'
am__isrc=''
am__leading_dot='.'
am__quote=''
am__tar='${AMTAR} chof - "$$tardir"'
am__untar='${AMTAR} xf -'
bindir='${exec_prefix}/bin'
build_alias=''
datadir='${datarootdir}'
datarootdir='${prefix}/share'
docdir='${datarootdir}/doc/${PACKAGE_TARNAME}'
dvidir='${docdir}'
exec_prefix='${prefix}'
host_alias=''
htmldir='${docdir}'
includedir='${prefix}/include'
infodir='${datarootdir}/info'
install_sh='$(SHELL) /Users/jonathan/uni/Zoology/ZM/StarSpray/pkdgrav2/install-sh'
libdir='${exec_prefix}/lib'
libexecdir='${exec_prefix}/libexec'
localedir='${datarootdir}/locale'
localstatedir='${prefix}/var'
mandir='${datarootdir}/man'
mkdir_p='$(top_builddir)/./install-sh -c -d'
oldincludedir='/usr/include'
pdfdir='${docdir}'
prefix='/usr/local'
program_transform_name='s,x,x,'
psdir='${docdir}'
sbindir='${exec_prefix}/sbin'
sharedstatedir='${prefix}/com'
sysconfdir='${prefix}/etc'
target_alias=''

## ----------- ##
## confdefs.h. ##
## ----------- ##

#define PACKAGE_NAME "pkdgrav2"
#define PACKAGE_TARNAME "pkdgrav2"
#define PACKAGE_VERSION "2.2.10"
#define PACKAGE_STRING "pkdgrav2 2.2.10"
#define PACKAGE_BUGREPORT "bugs@pkdgrav2.org"
#define PACKAGE "pkdgrav2"
#define VERSION "2.2.10"
#define FC_MAIN main
#define FLOAT double
#define FLOAT_MAXVAL HUGE
#define INSTRUMENT 1
#define USE_BT 1
#define LOCAL_EXPANSION 1
#define MOMFLOAT double
#define CHANGESOFT 1
#define STDC_HEADERS 1
#define HAVE_SYS_TYPES_H 1
#define HAVE_SYS_STAT_H 1
#define HAVE_STDLIB_H 1
#define HAVE_STRING_H 1
#define HAVE_MEMORY_H 1
#define HAVE_STRINGS_H 1
#define HAVE_INTTYPES_H 1
#define HAVE_STDINT_H 1
#define HAVE_UNISTD_H 1
#define HAVE_LIBM 1
#define HAVE_POSIX_MEMALIGN 1
#define USE_SIMD 1
#define USE_SIMD_PP 1
#define USE_SIMD_PC 1
#define HAVE_POSIX_MEMALIGN 1
#define _GNU_SOURCE 1
#define HAVE_LIBBZ2 1
#define HAVE_ALLOCA_H 1
#define HAVE_ALLOCA 1
#define HAVE_FSEEKO 1
#define HAVE_STDLIB_H 1
#define HAVE_MALLOC 1
#define HAVE_STDLIB_H 1
#define HAVE_REALLOC 1
#define HAVE_VPRINTF 1
#define STDC_HEADERS 1
#define HAVE_FCNTL_H 1
#define HAVE_LIMITS_H 1
#define HAVE_STDDEF_H 1
#define HAVE_STDLIB_H 1
#define HAVE_STRING_H 1
#define HAVE_SYS_PARAM_H 1
#define HAVE_SYS_TIME_H 1
#define HAVE_UNISTD_H 1
#define HAVE_FENV_H 1
#define RETSIGTYPE void
#define HAVE__BOOL 1
#define HAVE_STDBOOL_H 1
#define TIME_WITH_SYS_TIME 1
#define HAVE_MACH_MACH_TIME_H 1
#define HAVE_MACH_ABSOLUTE_TIME 1
#define HAVE_WORDEXP 1
#define HAVE_WORDFREE 1
#define HAVE_GLOB 1
#define HAVE_GLOBFREE 1
#define HAVE_GETHOSTNAME 1
#define HAVE_GETPAGESIZE 1
#define HAVE_MKDIR 1
#define HAVE_FLOOR 1
#define HAVE_GETTIMEOFDAY 1
#define HAVE_POW 1
#define HAVE_SQRT 1
#define HAVE_STRCHR 1
#define HAVE_STRDUP 1
#define HAVE_STRRCHR 1
#define HAVE_STRSTR 1

configure: exit 0
